[2024-03-05T16:24:44.133Z]  info: All tables created or already exist.
[2024-03-05T16:24:44.138Z]  info: Server is running on port 8888
[2024-03-05T16:52:22.359Z]  info: All tables created or already exist.
[2024-03-05T16:52:22.365Z]  info: Server is running on port 8888
[2024-03-05T17:41:47.860Z]  info: All tables created or already exist.
[2024-03-05T17:41:47.897Z]  info: Server is running on port 8888
[2024-03-05T17:52:27.778Z]  info: All tables created or already exist.
[2024-03-05T17:52:27.783Z]  info: Server is running on port 8888
[2024-03-05T17:54:50.511Z]  info: All tables created or already exist.
[2024-03-05T17:54:50.536Z]  info: Server is running on port 8888
[2024-03-05T17:56:48.314Z]  info: All tables created or already exist.
[2024-03-05T17:56:48.318Z]  info: Server is running on port 8888
[2024-03-05T18:01:35.118Z]  info: All tables created or already exist.
[2024-03-05T18:01:35.152Z]  info: Server is running on port 8888
[2024-03-05T18:03:41.643Z]  info: All tables created or already exist.
[2024-03-05T18:03:41.648Z]  info: Server is running on port 8888
[2024-03-05T18:03:53.553Z]  info: All tables created or already exist.
[2024-03-05T18:03:53.557Z]  info: Server is running on port 8888
[2024-03-05T18:06:13.819Z]  info: All tables created or already exist.
[2024-03-05T18:06:13.825Z]  info: Server is running on port 8888
[2024-03-05T18:06:20.086Z]  info: All tables created or already exist.
[2024-03-05T18:06:20.091Z]  info: Server is running on port 8888
[2024-03-05T18:07:14.075Z]  info: All tables created or already exist.
[2024-03-05T18:07:14.079Z]  info: Server is running on port 8888
[2024-03-05T18:09:30.273Z]  info: All tables created or already exist.
[2024-03-05T18:09:30.278Z]  info: Server is running on port 8888
[2024-03-05T18:11:06.941Z]  info: All tables created or already exist.
[2024-03-05T18:11:06.946Z]  info: Server is running on port 8888
[2024-03-05T18:11:59.654Z]  info: User ram@gmail.com logged in.
[2024-03-05T18:15:43.789Z]  info: All tables created or already exist.
[2024-03-05T18:15:43.794Z]  info: Server is running on port 8888
[2024-03-05T18:15:58.472Z]  info: User ram@gmail.com logged in.
[2024-03-05T18:16:52.009Z]  info: User Man Doe created successfully.
[2024-03-06T08:27:36.552Z]  info: All tables created or already exist.
[2024-03-06T08:27:36.557Z]  info: Server is running on port 8888
[2024-03-06T08:29:18.000Z]  info: User jane.doe@example.com logged in.
[2024-03-06T08:29:54.880Z]  info: User Jane Doewewe created successfully.
[2024-03-06T08:32:47.473Z]  info: All tables created or already exist.
[2024-03-06T08:32:47.477Z]  info: Server is running on port 8888
[2024-03-06T09:18:43.008Z]  info: User jane.doe@example.com logged in.
[2024-03-06T09:18:59.407Z]  info: User Jane Doewewwwe created successfully.
